Script started on 2026-03-09 17:59:44+07:00 [COMMAND="bash" TERM="screen" TTY="/dev/pts/54" COLUMNS="80" LINES="24"]
eltex-pg1-v1@eltex-2026-spring:~$ ls
ls	     lsb_release  lsinitramfs  lslocks	    lsmod	 lspci
lsattr	     lscpu	  lsipc	       lslogins	    lsns	 lsusb
lsblk	     lsfd	  lsirq	       lsmem	    lsof
eltex-pg1-v1@eltex-2026-spring:~$ $HIST
$HISTCMD       $HISTCONTROL   $HISTFILE	     $HISTFILESIZE  $HISTSIZE
eltex-pg1-v1@eltex-2026-spring:~$ echo$$HISTFILESIZE
2000
eltex-pg1-v1@eltex-2026-spring:~$ ls -d ~/.*
/home/eltex-pg1-v1/.bash_history  /home/eltex-pg1-v1/.local
/home/eltex-pg1-v1/.bash_logout	  /home/eltex-pg1-v1/.log
/home/eltex-pg1-v1/.bashrc	  /home/eltex-pg1-v1/.profile
/home/eltex-pg1-v1/.config	  /home/eltex-pg1-v1/.viminfo
eltex-pg1-v1@eltex-2026-spring:~$ history
    1  screen ls
    2  screen -ls
    3  screen
    4  screen -ls
    5  screen -r 20384
    6  screen -ls
    7  screen -S pts-9.eltex-2026-spring -X sessionname top
    8  screen -ls
    9  screen -r top
   10  session
   11  screen
   12  screen -ls
   13  screen -r 41638
   14  screen -ls
   15  screen -ls
   16  vi report_part1.txt
   17  screen -ls
   18  screen -ls
   19  w
   20  screen -ls
   21  top
   22  watch /usr/bin/vmstat
   23  export LANG=ru_RU.UTF8
   24  screen -r 41638
   25  screen -ls
   26  screen -r 41638
   27  screen -ls
   28  screen -S 41638 -X quit
   29  screen -S 20384 -X quit
   30  screen -ls
   31  ls
   32  screen -ls
   33  history | cut -c 8- > $USER_part.log
   34  ls
   35  touch $USER_part.log
   36  ls
   37  nano $USER_part.log
   38  ansifilter --version
   39  sudo apt install ansifilter
   40  script --version
   41  script -a $USER_part.log
   42  echo $HISTFILESIZE
   43  ls -d ~/.*
   44  screen -ls
   45  cat ${USER}_part.log
   46  exit
   47  echo $HISTFILESIZE
   48  ls -d ~/.*
   49  history
eltex-pg1-v1@eltex-2026-spring:~$ echo 'HISTTIMEFORMAT="%F %T "' >> ~/.bashrc
eltex-pg1-v1@eltex-2026-spring:~$ source ~/.bashrc
eltex-pg1-v1@eltex-2026-spring:~$ history
    1  2026-03-09 17:59:44 screen ls
    2  2026-03-09 17:59:44 screen -ls
    3  2026-03-09 17:59:44 screen
    4  2026-03-09 17:59:44 screen -ls
    5  2026-03-09 17:59:44 screen -r 20384
    6  2026-03-09 17:59:44 screen -ls
    7  2026-03-09 17:59:44 screen -S pts-9.eltex-2026-spring -X sessionname top
    8  2026-03-09 17:59:44 screen -ls
    9  2026-03-09 17:59:44 screen -r top
   10  2026-03-09 17:59:44 session
   11  2026-03-09 17:59:44 screen
   12  2026-03-09 17:59:44 screen -ls
   13  2026-03-09 17:59:44 screen -r 41638
   14  2026-03-09 17:59:44 screen -ls
   15  2026-03-09 17:59:44 screen -ls
   16  2026-03-09 17:59:44 vi report_part1.txt
   17  2026-03-09 17:59:44 screen -ls
   18  2026-03-09 17:59:44 screen -ls
   19  2026-03-09 17:59:44 w
   20  2026-03-09 17:59:44 screen -ls
   21  2026-03-09 17:59:44 top
   22  2026-03-09 17:59:44 watch /usr/bin/vmstat
   23  2026-03-09 17:59:44 export LANG=ru_RU.UTF8
   24  2026-03-09 17:59:44 screen -r 41638
   25  2026-03-09 17:59:44 screen -ls
   26  2026-03-09 17:59:44 screen -r 41638
   27  2026-03-09 17:59:44 screen -ls
   28  2026-03-09 17:59:44 screen -S 41638 -X quit
   29  2026-03-09 17:59:44 screen -S 20384 -X quit
   30  2026-03-09 17:59:44 screen -ls
   31  2026-03-09 17:59:44 ls
   32  2026-03-09 17:59:44 screen -ls
   33  2026-03-09 17:59:44 history | cut -c 8- > $USER_part.log
   34  2026-03-09 17:59:44 ls
   35  2026-03-09 17:59:44 touch $USER_part.log
   36  2026-03-09 17:59:44 ls
   37  2026-03-09 17:59:44 nano $USER_part.log
   38  2026-03-09 17:59:44 ansifilter --version
   39  2026-03-09 17:59:44 sudo apt install ansifilter
   40  2026-03-09 17:59:44 script --version
   41  2026-03-09 17:59:44 script -a $USER_part.log
   42  2026-03-09 17:59:44 echo $HISTFILESIZE
   43  2026-03-09 17:59:44 ls -d ~/.*
   44  2026-03-09 17:59:44 screen -ls
   45  2026-03-09 17:59:44 cat ${USER}_part.log
   46  2026-03-09 17:59:44 exit
   47  2026-03-09 18:02:20 echo $HISTFILESIZE
   48  2026-03-09 18:02:59 ls -d ~/.*
   49  2026-03-09 18:32:32 history
   50  2026-03-09 18:33:25 echo 'HISTTIMEFORMAT="%F %T "' >> ~/.bashrc
   51  2026-03-09 18:33:38 source ~/.bashrc
   52  2026-03-09 18:33:48 history
eltex-pg1-v1@eltex-2026-spring:~$ eltex-pg1-v1@eltex-2026-spring:~$ eltex-pg1-v1@eltex-2026-spring:~$ date
Mon Mar	 9 06:36:17 PM +07 2026
eltex-pg1-v1@eltex-2026-spring:~$ history | tail -n 3
   52  2026-03-09 18:33:48 history
   53  2026-03-09 18:36:17 date
   54  2026-03-09 18:37:34 history | tail -n 3
eltex-pg1-v1@eltex-2026-spring:~$ grep "date" ~/.bash_history
eltex-pg1-v1@eltex-2026-spring:~$PROMPT_COMMAND="historyT-a;F$PROMPT_COMMAND"' >> ~/.bashrc
eltex-pg1-v1@eltex-2026-spring:~$ echo 'PROMPT_COMMAND="history -a; $PROMPT_COMMAND"' >> ~/.bashrcgrep "date" ~/.bash_history
echo 'PROMPT_COMMAND="history -a; $PROMPT_COMMAND"' >> ~/.bashrcgrep "date" ~/.bash_history
27@echo~'HISTTIMEFORMAT="%F %T "' >>source
eltex-pg1-v1@eltex-2026-spring:~$ date
Mon Mar	 9 06:44:29 PM +07 2026
eltex-pg1-v1@eltex-2026-spring:~$ echoc'PROMPT_COMMAND="history -a; $PROMPT_COMMAND"' >> ~/.bashrcgrep "date" ~/.bash_history
history | tail -n 3
   57  2026-03-09 18:43:36 source ~/.bashrc
   58  2026-03-09 18:44:29 date
   59  2026-03-09 18:44:39 history | tail -n 3
eltex-pg1-v1@eltex-2026-spring:~$ echoc'PROMPT_COMMAND="history -a; $PROMPT_COMMAND"' >> ~/.bashrcgrep "date" ~/.bash_history

date
grep "date" ~/.bash_history
date
eltex-pg1-v1@eltex-2026-spring:~$ DATE=$(date +%d.%m.%Y)
eltex-pg1-v1@eltex-2026-spring:~$ echo $DATE
09.03.2026
eltex-pg1-v1@eltex-2026-spring:~$ TIME=$(date +%T)
eltex-pg1-v1@eltex-2026-spring:~$ echo $TIME
18:50:24
eltex-pg1-v1@eltex-2026-spring:~$ DATE_TIME="$DATE $TIME"
eltex-pg1-v1@eltex-2026-spring:~$ $DATE_TIMEIMEETE $TIME"
09.03.2026 18:50:24
eltex-pg1-v1@eltex-2026-spring:~$
eltex-pg1-v1@eltex-2026-spring:~$ ls /bin /sbin | grep '[0-9]'
addr2line
b2sum
base32
base64
bunzip2
bzip2
bzip2recover
c89
c89-gcc
c99
c99-gcc
cpan5.36-x86_64-linux-gnu
cpp-12
diff3
enc2xs
gcc-12
gcc-ar-12
gcc-nm-12
gcc-ranlib-12
gcov-12
gcov-dump-12
gcov-tool-12
grub-menulst2cfg
grub-mkpasswd-pbkdf2
grub-syslinux2cfg
h2ph
h2xs
i386
linux32
linux64
lto-dump-12
md5sum
md5sum.textutils
pdb3
pdb3.11
perl5.36.0
perl5.36-x86_64-linux-gnu
ping4
ping6
pl2pm
pod2html
pod2man
pod2text
pod2usage
py3clean
py3compile
py3versions
pydoc3
pydoc3.11
pygettext3
pygettext3.11
python3
python3.11
sha1sum
sha224sum
sha256sum
sha384sum
sha512sum
ssh-argv0
systemd-id128
traceroute6
traceroute6.db
x86_64
x86_64-linux-gnu-addr2line
x86_64-linux-gnu-ar
x86_64-linux-gnu-as
x86_64-linux-gnu-c++filt
x86_64-linux-gnu-cpp
x86_64-linux-gnu-cpp-12
x86_64-linux-gnu-dwp
x86_64-linux-gnu-elfedit
x86_64-linux-gnu-gcc
x86_64-linux-gnu-gcc-12
x86_64-linux-gnu-gcc-ar
x86_64-linux-gnu-gcc-ar-12
x86_64-linux-gnu-gcc-nm
x86_64-linux-gnu-gcc-nm-12
x86_64-linux-gnu-gcc-ranlib
x86_64-linux-gnu-gcc-ranlib-12
x86_64-linux-gnu-gcov
x86_64-linux-gnu-gcov-12
x86_64-linux-gnu-gcov-dump
x86_64-linux-gnu-gcov-dump-12
x86_64-linux-gnu-gcov-tool
x86_64-linux-gnu-gcov-tool-12
x86_64-linux-gnu-gold
x86_64-linux-gnu-gp-archive
x86_64-linux-gnu-gp-collect-app
x86_64-linux-gnu-gp-display-html
x86_64-linux-gnu-gp-display-src
x86_64-linux-gnu-gp-display-text
x86_64-linux-gnu-gprof
x86_64-linux-gnu-gprofng
x86_64-linux-gnu-ld
x86_64-linux-gnu-ld.bfd
x86_64-linux-gnu-ld.gold
x86_64-linux-gnu-lto-dump
x86_64-linux-gnu-lto-dump-12
x86_64-linux-gnu-nm
x86_64-linux-gnu-objcopy
x86_64-linux-gnu-objdump
x86_64-linux-gnu-ranlib
x86_64-linux-gnu-readelf
x86_64-linux-gnu-size
x86_64-linux-gnu-strings
x86_64-linux-gnu-strip
dumpe2fs
e2freefrag
e2fsck
e2image
e2label
e2mmpstatus
e2scrub
e2scrub_all
e2undo
e4crypt
e4defrag
fsck.ext2
fsck.ext3
fsck.ext4
killall5
mke2fs
mkfs.ext2
mkfs.ext3
mkfs.ext4
resize2fs
tune2fs
update-grub2
eltex-pg1-v1@eltex-2026-spring:~$ eltex-pg1-v1@eltex-2026-spring:~$ eltex-pg1-v1@eltex-2026-spring:~$ find /bin /sbin -maxdepth 1 -name "*[0-9]*"
eltex-pg1-v1@eltex-2026-spring:~$ ls
eltex-pg1-v1_part.log  report_part1.txt
eltex-pg1-v1@eltex-2026-spring:~$ find /bin /sbin -maxdepth 1 -name "*[0-9]*"
eltex-pg1-v1@eltex-2026-spring:~$ find /bin /sbin -maxdepth019-name "*[0-9]*"ls /bin /sbin | grep '[0-9]'
addr2line
b2sum
base32
base64
bunzip2
bzip2
bzip2recover
c89
c89-gcc
c99
c99-gcc
cpan5.36-x86_64-linux-gnu
cpp-12
diff3
enc2xs
gcc-12
gcc-ar-12
gcc-nm-12
gcc-ranlib-12
gcov-12
gcov-dump-12
gcov-tool-12
grub-menulst2cfg
grub-mkpasswd-pbkdf2
grub-syslinux2cfg
h2ph
h2xs
i386
linux32
linux64
lto-dump-12
md5sum
md5sum.textutils
pdb3
pdb3.11
perl5.36.0
perl5.36-x86_64-linux-gnu
ping4
ping6
pl2pm
pod2html
pod2man
pod2text
pod2usage
py3clean
py3compile
py3versions
pydoc3
pydoc3.11
pygettext3
pygettext3.11
python3
python3.11
sha1sum
sha224sum
sha256sum
sha384sum
sha512sum
ssh-argv0
systemd-id128
traceroute6
traceroute6.db
x86_64
x86_64-linux-gnu-addr2line
x86_64-linux-gnu-ar
x86_64-linux-gnu-as
x86_64-linux-gnu-c++filt
x86_64-linux-gnu-cpp
x86_64-linux-gnu-cpp-12
x86_64-linux-gnu-dwp
x86_64-linux-gnu-elfedit
x86_64-linux-gnu-gcc
x86_64-linux-gnu-gcc-12
x86_64-linux-gnu-gcc-ar
x86_64-linux-gnu-gcc-ar-12
x86_64-linux-gnu-gcc-nm
x86_64-linux-gnu-gcc-nm-12
x86_64-linux-gnu-gcc-ranlib
x86_64-linux-gnu-gcc-ranlib-12
x86_64-linux-gnu-gcov
x86_64-linux-gnu-gcov-12
x86_64-linux-gnu-gcov-dump
x86_64-linux-gnu-gcov-dump-12
x86_64-linux-gnu-gcov-tool
x86_64-linux-gnu-gcov-tool-12
x86_64-linux-gnu-gold
x86_64-linux-gnu-gp-archive
x86_64-linux-gnu-gp-collect-app
x86_64-linux-gnu-gp-display-html
x86_64-linux-gnu-gp-display-src
x86_64-linux-gnu-gp-display-text
x86_64-linux-gnu-gprof
x86_64-linux-gnu-gprofng
x86_64-linux-gnu-ld
x86_64-linux-gnu-ld.bfd
x86_64-linux-gnu-ld.gold
x86_64-linux-gnu-lto-dump
x86_64-linux-gnu-lto-dump-12
x86_64-linux-gnu-nm
x86_64-linux-gnu-objcopy
x86_64-linux-gnu-objdump
x86_64-linux-gnu-ranlib
x86_64-linux-gnu-readelf
x86_64-linux-gnu-size
x86_64-linux-gnu-strings
x86_64-linux-gnu-strip
dumpe2fs
e2freefrag
e2fsck
e2image
e2label
e2mmpstatus
e2scrub
e2scrub_all
e2undo
e4crypt
e4defrag
fsck.ext2
fsck.ext3
fsck.ext4
killall5
mke2fs
mkfs.ext2
mkfs.ext3
mkfs.ext4
resize2fs
tune2fs
update-grub2
eltex-pg1-v1@eltex-2026-spring:~$ PS1='\u@\h-$(date +%H:%M)> '
eltex-pg1-v1@eltex-2026-spring-19:04> export PS1
eltex-pg1-v1@eltex-2026-spring-19:09> bash
eltex-pg1-v1@eltex-2026-spring:~$ exit
exit
eltex-pg1-v1@eltex-2026-spring-19:11> findb/bins/sbint-maxdepth019-name "*[0-9]*"ls /bin /sbin | grep '[0-9]'
echoc'PROMPT_COMMAND="history -a; $PROMPT_C''M>N~/.bashr'.>>s~/.bashr' >> ~/.bashr' >> ~/.bashr' >> ~/.bashr' >> ~/.bashr' >> ~/.bashr' >> ~/.bashr' >> ~/.bashr' >> ~/.bashr' >> ~/.bashr' >> ~/.bashr' >> ~/.bashrc
PS1='\u@\h-$(date +%H:%M)> '' >> ~/.bashrc >> ~/.bashrc' >> ~/.bashrc >>\u@\h-$(date +%H:%M)>s"'c>> ~/.bashrc"\u@\h-$(date +%H:%M)> "' >> ~/.bashrc

eltex-pg1-v1@eltex-2026-spring-19:12> echo 'PS1="\u@\h-$(date +%H:%M)> "' >> ~/.bashrcbash
findb/bins/sbint-maxdepth019-name "*[0-9]*"ls /bin /sbin | grep '[0-9]'
sourcey~/.bashrcns3_history
eltex-pg1-v1@eltex-2026-spring-19:12> bash
eltex-pg1-v1@eltex-2026-spring-19:12> exit
exit
eltex-pg1-v1@eltex-2026-spring-19:12> mkdir -p ~/"$(date +%Y)"-{01..12}
eltex-pg1-v1@eltex-2026-spring-19:12> ls
2026-01	 2026-03  2026-05  2026-07  2026-09  2026-11  eltex-pg1-v1_part.log
2026-02	 2026-04  2026-06  2026-08  2026-10  2026-12  report_part1.txt
eltex-pg1-v1@eltex-2026-spring-19:12> exit
exit

Script done on 2026-03-09 19:15:37+07:00 [COMMAND_EXIT_CODE="0"]
cd ~
